{
  message: 'warning message',
  level: 'warn',
  service: 'login-service',
  timestamp: '2019-10-04T11:11:46.056Z'
}
{
  message: 'getaddrinfo ENOTFOUND jsonplaceholderx.typicode.com',
  level: 'error',
  service: 'login-service',
  timestamp: '2019-10-04T11:11:54.715Z'
}
{
  message: 'getaddrinfo ENOTFOUND jsonplaceholderx.typicode.com',
  level: 'error',
  service: 'login-service',
  timestamp: '2019-10-04T11:12:20.278Z'
}
{
  message: 'warning message',
  level: 'warn',
  service: 'login-service',
  timestamp: '2019-10-04T11:32:27.122Z'
}
{
  message: 'warning message',
  level: 'warn',
  service: 'login-service',
  timestamp: '2019-10-04T11:36:26.213Z'
}
{
  message: 'warning message',
  level: 'warn',
  service: 'login-service',
  timestamp: '2019-10-04T11:38:44.530Z'
}
{
  message: 'warning message',
  level: 'warn',
  service: 'login-service',
  timestamp: '2019-10-04T11:45:36.041Z'
}
{
  message: 'warning message',
  level: 'warn',
  service: 'login-service',
  timestamp: '2019-10-04T11:46:11.291Z'
}
{
  message: 'warning message',
  level: 'warn',
  service: 'login-service',
  timestamp: '2019-10-04T11:47:15.620Z'
}
{
  message: 'warning message',
  level: 'warn',
  service: 'login-service',
  timestamp: '2019-10-04T11:47:22.900Z'
}
{
  message: 'warning message',
  level: 'warn',
  service: 'login-service',
  timestamp: '2019-10-04T12:08:00.047Z'
}
{
  message: 'warning message',
  level: 'warn',
  service: 'login-service',
  timestamp: '2019-10-04T12:12:00.626Z'
}
{
  message: 'error parsing JSON in error.ts',
  level: 'error',
  service: 'login-service',
  timestamp: '2019-10-05T10:21:03.340Z'
}
{
  message: 'error parsing JSON in error.ts',
  level: 'error',
  service: 'login-service',
  timestamp: '2019-10-05T10:21:08.464Z'
}
{
  message: 'warning message',
  level: 'warn',
  service: 'login-service',
  timestamp: '2019-10-05T10:28:57.835Z'
}
